{
  "stats": {
    "suites": 1,
    "tests": 2,
    "passes": 2,
    "pending": 0,
    "failures": 0,
    "start": "2026-02-18T15:16:59.387Z",
    "end": "2026-02-18T15:17:54.540Z",
    "duration": 55153,
    "testsRegistered": 2,
    "passPercent": 100,
    "pendingPercent": 0,
    "other": 0,
    "hasOther": false,
    "skipped": 0,
    "hasSkipped": false
  },
  "results": [
    {
      "uuid": "c81e9173-deb7-45b9-ba16-3c7db1a29092",
      "title": "",
      "fullFile": "/Users/rizalsetioaji/Desktop/QA TestAutomation/selenium-javascript/demoqa-testing/tests/login.test.js",
      "file": "/tests/login.test.js",
      "beforeHooks": [],
      "afterHooks": [],
      "tests": [],
      "suites": [
        {
          "uuid": "0e7eba5c-48e3-4c27-ba36-546195c12541",
          "title": "OrangeHRM Login Test Suite",
          "fullFile": "/Users/rizalsetioaji/Desktop/QA TestAutomation/selenium-javascript/demoqa-testing/tests/login.test.js",
          "file": "/tests/login.test.js",
          "beforeHooks": [
            {
              "title": "\"before each\" hook in \"OrangeHRM Login Test Suite\"",
              "fullTitle": "OrangeHRM Login Test Suite \"before each\" hook in \"OrangeHRM Login Test Suite\"",
              "timedOut": false,
              "duration": 17785,
              "state": null,
              "speed": null,
              "pass": false,
              "fail": false,
              "pending": false,
              "context": null,
              "code": "driver = await createDriver();\nloginPage = new LoginPage(driver);\ndashboardPage = new DashboardPage(driver);\nawait loginPage.open();",
              "err": {},
              "uuid": "c421df23-a4e6-4a0a-889f-2506f7c8602a",
              "parentUUID": "0e7eba5c-48e3-4c27-ba36-546195c12541",
              "isHook": true,
              "skipped": false
            }
          ],
          "afterHooks": [
            {
              "title": "\"after each\" hook in \"OrangeHRM Login Test Suite\"",
              "fullTitle": "OrangeHRM Login Test Suite \"after each\" hook in \"OrangeHRM Login Test Suite\"",
              "timedOut": false,
              "duration": 52,
              "state": null,
              "speed": null,
              "pass": false,
              "fail": false,
              "pending": false,
              "context": null,
              "code": "if (this.currentTest.state === 'failed') {\nawait takeScreenshot(driver, this.currentTest.title);\n}\nawait driver.quit();",
              "err": {},
              "uuid": "2701f6af-69fa-4d8d-bfb8-f08401d47bad",
              "parentUUID": "0e7eba5c-48e3-4c27-ba36-546195c12541",
              "isHook": true,
              "skipped": false
            }
          ],
          "tests": [
            {
              "title": "Login test with username: Admin",
              "fullTitle": "OrangeHRM Login Test Suite Login test with username: Admin",
              "timedOut": false,
              "duration": 7542,
              "state": "passed",
              "speed": "slow",
              "pass": true,
              "fail": false,
              "pending": false,
              "context": null,
              "code": "await loginPage.login(data.username, data.password);\n            if (data.expected === \"success\") {\n                const result = await dashboardPage.isDashboardDisplayed();\n                expect(result).to.be.true;\n            } else {\n                const errorMsg = await loginPage.getErrorMessage();\n                expect(errorMsg).to.include(data.expected);\n            }",
              "err": {},
              "uuid": "0bbf80cc-8661-4778-bb61-eb929d82fce6",
              "parentUUID": "0e7eba5c-48e3-4c27-ba36-546195c12541",
              "isHook": false,
              "skipped": false
            },
            {
              "title": "Login test with username: Admin",
              "fullTitle": "OrangeHRM Login Test Suite Login test with username: Admin",
              "timedOut": false,
              "duration": 5614,
              "state": "passed",
              "speed": "slow",
              "pass": true,
              "fail": false,
              "pending": false,
              "context": null,
              "code": "await loginPage.login(data.username, data.password);\n            if (data.expected === \"success\") {\n                const result = await dashboardPage.isDashboardDisplayed();\n                expect(result).to.be.true;\n            } else {\n                const errorMsg = await loginPage.getErrorMessage();\n                expect(errorMsg).to.include(data.expected);\n            }",
              "err": {},
              "uuid": "7936a193-ad1b-43bb-8aba-985f9423276e",
              "parentUUID": "0e7eba5c-48e3-4c27-ba36-546195c12541",
              "isHook": false,
              "skipped": false
            }
          ],
          "suites": [],
          "passes": [
            "0bbf80cc-8661-4778-bb61-eb929d82fce6",
            "7936a193-ad1b-43bb-8aba-985f9423276e"
          ],
          "failures": [],
          "pending": [],
          "skipped": [],
          "duration": 13156,
          "root": false,
          "rootEmpty": false,
          "_timeout": 30000
        }
      ],
      "passes": [],
      "failures": [],
      "pending": [],
      "skipped": [],
      "duration": 0,
      "root": true,
      "rootEmpty": true,
      "_timeout": 30000
    }
  ],
  "meta": {
    "mocha": {
      "version": "11.7.5"
    },
    "mochawesome": {
      "options": {
        "quiet": false,
        "reportFilename": "mochawesome",
        "saveHtml": true,
        "saveJson": true,
        "consoleReporter": "spec",
        "useInlineDiffs": false,
        "code": true
      },
      "version": "7.1.4"
    },
    "marge": {
      "options": null,
      "version": "6.3.2"
    }
  }
}